2025-05-08 15:49:08,067 - sam2_finetune - INFO - SAM2ファインチューニング開始: 20250508_154908
2025-05-08 15:49:08,067 - sam2_finetune - INFO - デバイス: mps
2025-05-08 15:49:08,067 - sam2_finetune - INFO - ログファイル: logs/sam2_finetune_20250508_154908.log
2025-05-08 15:49:08,067 - sam2_finetune - INFO - トレーニングデータセットサイズ: 73枚
2025-05-08 15:49:08,067 - sam2_finetune - INFO - 検証データセットサイズ: 19枚
2025-05-08 15:49:08,067 - sam2_finetune - INFO - バッチサイズ: 2
2025-05-08 15:49:08,067 - sam2_finetune - INFO - エポック数: 15
2025-05-08 15:49:08,077 - sam2_finetune - INFO - パラメータグループ 1: 42 パラメータ, lr=0.0001
2025-05-08 15:49:08,077 - sam2_finetune - INFO - パラメータグループ 2: 2 パラメータ, lr=5e-05
2025-05-08 15:49:08,077 - sam2_finetune - INFO - パラメータグループ 3: 48 パラメータ, lr=8e-05
2025-05-08 15:49:08,080 - sam2_finetune - INFO - トレーニング開始前の確認:
2025-05-08 15:49:08,080 - sam2_finetune - INFO - - 学習可能なパラメータ数: 330,752 / 46,391,106 (0.71%)
2025-05-08 15:49:08,080 - sam2_finetune - INFO - - 使用デバイス: mps
2025-05-08 15:49:08,080 - sam2_finetune - INFO - - バッチサイズ: 2
2025-05-08 15:49:08,080 - sam2_finetune - INFO - - エポック数: 15
2025-05-08 15:49:08,080 - sam2_finetune - INFO - エポック 1/15 開始: 15:49:08
2025-05-08 15:49:27,849 - sam2_finetune - INFO - エポック 1, バッチ 0/37, 損失: 1.0084
2025-05-08 15:50:42,421 - sam2_finetune - INFO - エポック 1, バッチ 20/37, 損失: 0.3884
2025-05-08 15:51:53,169 - sam2_finetune - INFO - エポック 1 トレーニング完了 - 平均損失: 0.7185
2025-05-08 15:51:53,171 - sam2_finetune - INFO - エポック 1 検証フェーズ開始
2025-05-08 15:52:59,688 - sam2_finetune - INFO - エポック 1 完了, トレーニング損失: 0.7185, 検証損失: 1.2574
2025-05-08 15:52:59,689 - sam2_finetune - INFO - エポック実行時間: 0:03:51.607074, 現在の学習率: [0.0001, 5e-05, 8e-05]
2025-05-08 15:53:00,139 - sam2_finetune - INFO - より良い検証損失 (1.2574) を達成したため、モデルを保存しました: best_sam2_manga_model.pth
2025-05-08 15:53:00,139 - sam2_finetune - INFO - エポック 2/15 開始: 15:53:00
2025-05-08 15:53:20,294 - sam2_finetune - INFO - エポック 2, バッチ 0/37, 損失: 0.4381
2025-05-08 15:54:35,431 - sam2_finetune - INFO - エポック 2, バッチ 20/37, 損失: 0.4206
2025-05-08 15:55:51,117 - sam2_finetune - INFO - エポック 2 トレーニング完了 - 平均損失: 0.6358
2025-05-08 15:55:51,119 - sam2_finetune - INFO - エポック 2 検証フェーズ開始
2025-05-08 15:56:55,021 - sam2_finetune - INFO - エポック 2 完了, トレーニング損失: 0.6358, 検証損失: 1.2574
2025-05-08 15:56:55,023 - sam2_finetune - INFO - エポック実行時間: 0:03:54.881382, 現在の学習率: [0.0001, 5e-05, 8e-05]
2025-05-08 15:56:55,023 - sam2_finetune - INFO - エポック 3/15 開始: 15:56:55
2025-05-08 15:57:16,963 - sam2_finetune - INFO - エポック 3, バッチ 0/37, 損失: 1.0242
2025-05-08 15:58:38,354 - sam2_finetune - INFO - エポック 3, バッチ 20/37, 損失: 0.3577
2025-05-08 15:59:51,754 - sam2_finetune - INFO - エポック 3 トレーニング完了 - 平均損失: 0.6116
2025-05-08 15:59:51,755 - sam2_finetune - INFO - エポック 3 検証フェーズ開始
2025-05-08 16:00:53,349 - sam2_finetune - INFO - エポック 3 完了, トレーニング損失: 0.6116, 検証損失: 1.2574
2025-05-08 16:00:53,351 - sam2_finetune - INFO - エポック実行時間: 0:03:58.325658, 現在の学習率: [0.0001, 5e-05, 8e-05]
2025-05-08 16:00:53,351 - sam2_finetune - INFO - エポック 4/15 開始: 16:00:53
2025-05-08 16:01:12,817 - sam2_finetune - INFO - エポック 4, バッチ 0/37, 損失: 0.4340
2025-05-08 16:02:42,213 - sam2_finetune - INFO - エポック 4, バッチ 20/37, 損失: 0.3890
2025-05-08 16:04:11,517 - sam2_finetune - INFO - エポック 4 トレーニング完了 - 平均損失: 0.5949
2025-05-08 16:04:11,519 - sam2_finetune - INFO - エポック 4 検証フェーズ開始
