2025-05-08 16:07:41,392 - sam2_finetune - INFO - SAM2ファインチューニング開始: 20250508_160741
2025-05-08 16:07:41,392 - sam2_finetune - INFO - デバイス: mps
2025-05-08 16:07:41,392 - sam2_finetune - INFO - ログファイル: logs/sam2_finetune_20250508_160741.log
2025-05-08 16:07:41,392 - sam2_finetune - INFO - トレーニングデータセットサイズ: 73枚
2025-05-08 16:07:41,393 - sam2_finetune - INFO - 検証データセットサイズ: 19枚
2025-05-08 16:07:41,393 - sam2_finetune - INFO - バッチサイズ: 2
2025-05-08 16:07:41,393 - sam2_finetune - INFO - エポック数: 15
2025-05-08 16:07:41,401 - sam2_finetune - INFO - パラメータグループ 1: 42 パラメータ, lr=0.0001
2025-05-08 16:07:41,401 - sam2_finetune - INFO - パラメータグループ 2: 2 パラメータ, lr=5e-05
2025-05-08 16:07:41,401 - sam2_finetune - INFO - パラメータグループ 3: 48 パラメータ, lr=8e-05
2025-05-08 16:07:41,404 - sam2_finetune - INFO - トレーニング開始前の確認:
2025-05-08 16:07:41,404 - sam2_finetune - INFO - - 学習可能なパラメータ数: 330,752 / 46,391,106 (0.71%)
2025-05-08 16:07:41,404 - sam2_finetune - INFO - - 使用デバイス: mps
2025-05-08 16:07:41,404 - sam2_finetune - INFO - - バッチサイズ: 2
2025-05-08 16:07:41,404 - sam2_finetune - INFO - - エポック数: 15
2025-05-08 16:07:41,404 - sam2_finetune - INFO - エポック 1/15 開始: 16:07:41
2025-05-08 16:08:00,796 - sam2_finetune - INFO - エポック 1, バッチ 0/37, 損失: 1.0133
2025-05-08 16:08:59,190 - sam2_finetune - INFO - エポック 1, バッチ 20/37, 損失: 0.6159
2025-05-08 16:09:56,849 - sam2_finetune - INFO - エポック 1 トレーニング完了 - 平均損失: 0.7352
2025-05-08 16:09:56,852 - sam2_finetune - INFO - エポック 1 検証フェーズ開始
2025-05-08 16:10:55,561 - sam2_finetune - INFO - エポック 1 完了, トレーニング損失: 0.7352, 検証損失: 1.2555
2025-05-08 16:10:55,562 - sam2_finetune - INFO - エポック実行時間: 0:03:14.156515, 現在の学習率: [0.0001, 5e-05, 8e-05]
2025-05-08 16:10:56,067 - sam2_finetune - INFO - より良い検証損失 (1.2555) を達成したため、モデルを保存しました: best_sam2_manga_model.pth
2025-05-08 16:10:56,067 - sam2_finetune - INFO - エポック 2/15 開始: 16:10:56
2025-05-08 16:11:15,733 - sam2_finetune - INFO - エポック 2, バッチ 0/37, 損失: 0.6664
2025-05-08 16:12:42,236 - sam2_finetune - INFO - エポック 2, バッチ 20/37, 損失: 0.5477
2025-05-08 16:14:02,028 - sam2_finetune - INFO - エポック 2 トレーニング完了 - 平均損失: 0.6506
2025-05-08 16:14:02,029 - sam2_finetune - INFO - エポック 2 検証フェーズ開始
2025-05-08 16:15:11,893 - sam2_finetune - INFO - エポック 2 完了, トレーニング損失: 0.6506, 検証損失: 1.2555
2025-05-08 16:15:11,894 - sam2_finetune - INFO - エポック実行時間: 0:04:15.825529, 現在の学習率: [0.0001, 5e-05, 8e-05]
2025-05-08 16:15:11,894 - sam2_finetune - INFO - エポック 3/15 開始: 16:15:11
2025-05-08 16:15:34,789 - sam2_finetune - INFO - エポック 3, バッチ 0/37, 損失: 0.6916
2025-05-08 16:16:56,390 - sam2_finetune - INFO - エポック 3, バッチ 20/37, 損失: 0.4750
2025-05-08 16:18:15,046 - sam2_finetune - INFO - エポック 3 トレーニング完了 - 平均損失: 0.6312
2025-05-08 16:18:15,048 - sam2_finetune - INFO - エポック 3 検証フェーズ開始
2025-05-08 16:19:18,644 - sam2_finetune - INFO - エポック 3 完了, トレーニング損失: 0.6312, 検証損失: 1.2555
2025-05-08 16:19:18,646 - sam2_finetune - INFO - エポック実行時間: 0:04:06.750188, 現在の学習率: [0.0001, 5e-05, 8e-05]
2025-05-08 16:19:18,646 - sam2_finetune - INFO - エポック 4/15 開始: 16:19:18
2025-05-08 16:19:38,663 - sam2_finetune - INFO - エポック 4, バッチ 0/37, 損失: 1.2509
2025-05-08 16:21:16,342 - sam2_finetune - INFO - エポック 4, バッチ 20/37, 損失: 0.5344
2025-05-08 16:22:38,265 - sam2_finetune - INFO - エポック 4 トレーニング完了 - 平均損失: 0.6007
2025-05-08 16:22:38,267 - sam2_finetune - INFO - エポック 4 検証フェーズ開始
2025-05-08 16:23:56,274 - sam2_finetune - INFO - エポック 4 完了, トレーニング損失: 0.6007, 検証損失: 1.2555
2025-05-08 16:23:56,275 - sam2_finetune - INFO - エポック実行時間: 0:04:37.627527, 現在の学習率: [5e-05, 2.5e-05, 4e-05]
2025-05-08 16:23:56,275 - sam2_finetune - INFO - エポック 5/15 開始: 16:23:56
2025-05-08 16:24:17,546 - sam2_finetune - INFO - エポック 5, バッチ 0/37, 損失: 1.2910
2025-05-08 16:25:23,047 - sam2_finetune - INFO - エポック 5, バッチ 20/37, 損失: 0.4839
2025-05-08 16:26:22,682 - sam2_finetune - INFO - エポック 5 トレーニング完了 - 平均損失: 0.6081
2025-05-08 16:26:22,683 - sam2_finetune - INFO - エポック 5 検証フェーズ開始
2025-05-08 16:27:19,843 - sam2_finetune - INFO - エポック 5 完了, トレーニング損失: 0.6081, 検証損失: 1.2555
2025-05-08 16:27:19,845 - sam2_finetune - INFO - エポック実行時間: 0:03:23.567377, 現在の学習率: [5e-05, 2.5e-05, 4e-05]
2025-05-08 16:27:19,845 - sam2_finetune - INFO - エポック 6/15 開始: 16:27:19
2025-05-08 16:27:39,195 - sam2_finetune - INFO - エポック 6, バッチ 0/37, 損失: 0.6038
2025-05-08 16:28:46,026 - sam2_finetune - INFO - エポック 6, バッチ 20/37, 損失: 0.4820
2025-05-08 16:29:45,888 - sam2_finetune - INFO - エポック 6 トレーニング完了 - 平均損失: 0.5879
2025-05-08 16:29:45,889 - sam2_finetune - INFO - エポック 6 検証フェーズ開始
2025-05-08 16:30:43,826 - sam2_finetune - INFO - エポック 6 完了, トレーニング損失: 0.5879, 検証損失: 1.2555
2025-05-08 16:30:43,827 - sam2_finetune - INFO - エポック実行時間: 0:03:23.981085, 現在の学習率: [5e-05, 2.5e-05, 4e-05]
2025-05-08 16:30:43,828 - sam2_finetune - INFO - エポック 7/15 開始: 16:30:43
2025-05-08 16:31:02,893 - sam2_finetune - INFO - エポック 7, バッチ 0/37, 損失: 0.8311
2025-05-08 16:32:05,078 - sam2_finetune - INFO - エポック 7, バッチ 20/37, 損失: 0.5058
2025-05-08 16:33:09,229 - sam2_finetune - INFO - エポック 7 トレーニング完了 - 平均損失: 0.5610
2025-05-08 16:33:09,230 - sam2_finetune - INFO - エポック 7 検証フェーズ開始
2025-05-08 16:34:10,302 - sam2_finetune - INFO - エポック 7 完了, トレーニング損失: 0.5610, 検証損失: 1.2555
2025-05-08 16:34:10,303 - sam2_finetune - INFO - エポック実行時間: 0:03:26.473741, 現在の学習率: [2.5e-05, 1.25e-05, 2e-05]
2025-05-08 16:34:10,304 - sam2_finetune - INFO - エポック 8/15 開始: 16:34:10
2025-05-08 16:34:30,991 - sam2_finetune - INFO - エポック 8, バッチ 0/37, 損失: 0.5924
2025-05-08 16:35:52,532 - sam2_finetune - INFO - エポック 8, バッチ 20/37, 損失: 0.4890
2025-05-08 16:37:11,656 - sam2_finetune - INFO - エポック 8 トレーニング完了 - 平均損失: 0.5793
2025-05-08 16:37:11,659 - sam2_finetune - INFO - エポック 8 検証フェーズ開始
2025-05-08 16:38:13,909 - sam2_finetune - INFO - エポック 8 完了, トレーニング損失: 0.5793, 検証損失: 1.2555
2025-05-08 16:38:13,911 - sam2_finetune - INFO - エポック実行時間: 0:04:03.604776, 現在の学習率: [2.5e-05, 1.25e-05, 2e-05]
2025-05-08 16:38:13,911 - sam2_finetune - INFO - エポック 9/15 開始: 16:38:13
2025-05-08 16:38:32,951 - sam2_finetune - INFO - エポック 9, バッチ 0/37, 損失: 0.5848
2025-05-08 16:39:48,695 - sam2_finetune - INFO - エポック 9, バッチ 20/37, 損失: 0.4438
2025-05-08 16:41:09,026 - sam2_finetune - INFO - エポック 9 トレーニング完了 - 平均損失: 0.5649
2025-05-08 16:41:09,028 - sam2_finetune - INFO - エポック 9 検証フェーズ開始
2025-05-08 16:42:11,760 - sam2_finetune - INFO - エポック 9 完了, トレーニング損失: 0.5649, 検証損失: 1.2555
2025-05-08 16:42:11,761 - sam2_finetune - INFO - エポック実行時間: 0:03:57.848265, 現在の学習率: [2.5e-05, 1.25e-05, 2e-05]
2025-05-08 16:42:11,761 - sam2_finetune - INFO - エポック 10/15 開始: 16:42:11
2025-05-08 16:42:30,940 - sam2_finetune - INFO - エポック 10, バッチ 0/37, 損失: 0.5567
2025-05-08 16:43:55,033 - sam2_finetune - INFO - エポック 10, バッチ 20/37, 損失: 0.4556
2025-05-08 16:45:25,097 - sam2_finetune - INFO - エポック 10 トレーニング完了 - 平均損失: 0.5462
2025-05-08 16:45:25,099 - sam2_finetune - INFO - エポック 10 検証フェーズ開始
2025-05-08 16:46:22,992 - sam2_finetune - INFO - エポック 10 完了, トレーニング損失: 0.5462, 検証損失: 1.2555
2025-05-08 16:46:22,994 - sam2_finetune - INFO - エポック実行時間: 0:04:11.230985, 現在の学習率: [1.25e-05, 6.25e-06, 1e-05]
2025-05-08 16:46:22,994 - sam2_finetune - INFO - エポック 11/15 開始: 16:46:22
