2025-05-08 16:48:35,914 - sam2_finetune - INFO - SAM2ファインチューニング開始: 20250508_164835
2025-05-08 16:48:35,914 - sam2_finetune - INFO - デバイス: mps
2025-05-08 16:48:35,914 - sam2_finetune - INFO - ログファイル: logs/sam2_finetune_20250508_164835.log
2025-05-08 16:48:35,914 - sam2_finetune - INFO - トレーニングデータセットサイズ: 73枚
2025-05-08 16:48:35,914 - sam2_finetune - INFO - 検証データセットサイズ: 19枚
2025-05-08 16:48:35,914 - sam2_finetune - INFO - バッチサイズ: 2
2025-05-08 16:48:35,914 - sam2_finetune - INFO - エポック数: 15
2025-05-08 16:48:35,923 - sam2_finetune - INFO - パラメータグループ 1: 42 パラメータ, lr=0.0001
2025-05-08 16:48:35,923 - sam2_finetune - INFO - パラメータグループ 2: 2 パラメータ, lr=5e-05
2025-05-08 16:48:35,923 - sam2_finetune - INFO - パラメータグループ 3: 48 パラメータ, lr=8e-05
2025-05-08 16:48:35,926 - sam2_finetune - INFO - トレーニング開始前の確認:
2025-05-08 16:48:35,926 - sam2_finetune - INFO - - 学習可能なパラメータ数: 330,752 / 46,391,106 (0.71%)
2025-05-08 16:48:35,926 - sam2_finetune - INFO - - 使用デバイス: mps
2025-05-08 16:48:35,926 - sam2_finetune - INFO - - バッチサイズ: 2
2025-05-08 16:48:35,926 - sam2_finetune - INFO - - エポック数: 15
2025-05-08 16:48:35,926 - sam2_finetune - INFO - エポック 1/15 開始: 16:48:35
2025-05-08 16:48:54,595 - sam2_finetune - INFO - エポック 1, バッチ 0/37, 損失: 0.9765
2025-05-08 16:49:54,334 - sam2_finetune - INFO - エポック 1, バッチ 20/37, 損失: 1.0069
2025-05-08 16:50:50,542 - sam2_finetune - INFO - エポック 1 トレーニング完了 - 平均損失: 0.7168
2025-05-08 16:50:50,543 - sam2_finetune - INFO - エポック 1 検証フェーズ開始
2025-05-08 16:51:45,031 - sam2_finetune - INFO - エポック 1 完了, トレーニング損失: 0.7168, 検証損失: 1.2296
2025-05-08 16:51:45,032 - sam2_finetune - INFO - エポック実行時間: 0:03:09.103945, 現在の学習率: [0.0001, 5e-05, 8e-05]
2025-05-08 16:51:45,464 - sam2_finetune - INFO - より良い検証損失 (1.2296) を達成したため、モデルを保存しました: best_sam2_manga_model.pth
2025-05-08 16:51:45,464 - sam2_finetune - INFO - エポック 2/15 開始: 16:51:45
2025-05-08 16:52:05,790 - sam2_finetune - INFO - エポック 2, バッチ 0/37, 損失: 0.6065
2025-05-08 16:53:08,889 - sam2_finetune - INFO - エポック 2, バッチ 20/37, 損失: 1.1689
2025-05-08 16:54:44,723 - sam2_finetune - INFO - エポック 2 トレーニング完了 - 平均損失: 0.6447
2025-05-08 16:54:44,726 - sam2_finetune - INFO - エポック 2 検証フェーズ開始
2025-05-08 16:55:59,931 - sam2_finetune - INFO - エポック 2 完了, トレーニング損失: 0.6447, 検証損失: 1.2296
2025-05-08 16:55:59,932 - sam2_finetune - INFO - エポック実行時間: 0:04:14.466012, 現在の学習率: [0.0001, 5e-05, 8e-05]
2025-05-08 16:55:59,933 - sam2_finetune - INFO - エポック 3/15 開始: 16:55:59
2025-05-08 16:56:20,904 - sam2_finetune - INFO - エポック 3, バッチ 0/37, 損失: 1.0278
2025-05-08 16:57:54,424 - sam2_finetune - INFO - エポック 3, バッチ 20/37, 損失: 0.7809
2025-05-08 16:59:20,300 - sam2_finetune - INFO - エポック 3 トレーニング完了 - 平均損失: 0.6328
2025-05-08 16:59:20,301 - sam2_finetune - INFO - エポック 3 検証フェーズ開始
2025-05-08 17:00:27,350 - sam2_finetune - INFO - エポック 3 完了, トレーニング損失: 0.6328, 検証損失: 1.2296
2025-05-08 17:00:27,351 - sam2_finetune - INFO - エポック実行時間: 0:04:27.417571, 現在の学習率: [0.0001, 5e-05, 8e-05]
2025-05-08 17:00:27,352 - sam2_finetune - INFO - エポック 4/15 開始: 17:00:27
2025-05-08 17:00:47,829 - sam2_finetune - INFO - エポック 4, バッチ 0/37, 損失: 0.5992
2025-05-08 17:02:10,189 - sam2_finetune - INFO - エポック 4, バッチ 20/37, 損失: 0.7217
2025-05-08 17:03:26,791 - sam2_finetune - INFO - エポック 4 トレーニング完了 - 平均損失: 0.6258
2025-05-08 17:03:26,791 - sam2_finetune - INFO - エポック 4 検証フェーズ開始
2025-05-08 17:04:32,746 - sam2_finetune - INFO - エポック 4 完了, トレーニング損失: 0.6258, 検証損失: 1.2296
2025-05-08 17:04:32,747 - sam2_finetune - INFO - エポック実行時間: 0:04:05.394068, 現在の学習率: [5e-05, 2.5e-05, 4e-05]
2025-05-08 17:04:32,747 - sam2_finetune - INFO - エポック 5/15 開始: 17:04:32
2025-05-08 17:04:52,614 - sam2_finetune - INFO - エポック 5, バッチ 0/37, 損失: 0.5392
2025-05-08 17:06:26,334 - sam2_finetune - INFO - エポック 5, バッチ 20/37, 損失: 0.9783
2025-05-08 17:07:51,220 - sam2_finetune - INFO - エポック 5 トレーニング完了 - 平均損失: 0.6116
2025-05-08 17:07:51,221 - sam2_finetune - INFO - エポック 5 検証フェーズ開始
2025-05-08 17:09:05,979 - sam2_finetune - INFO - エポック 5 完了, トレーニング損失: 0.6116, 検証損失: 1.2296
2025-05-08 17:09:05,981 - sam2_finetune - INFO - エポック実行時間: 0:04:33.231166, 現在の学習率: [5e-05, 2.5e-05, 4e-05]
2025-05-08 17:09:05,981 - sam2_finetune - INFO - エポック 6/15 開始: 17:09:05
2025-05-08 17:09:25,279 - sam2_finetune - INFO - エポック 6, バッチ 0/37, 損失: 0.5244
2025-05-08 17:11:01,606 - sam2_finetune - INFO - エポック 6, バッチ 20/37, 損失: 1.2351
2025-05-08 17:12:36,988 - sam2_finetune - INFO - エポック 6 トレーニング完了 - 平均損失: 0.6066
2025-05-08 17:12:36,990 - sam2_finetune - INFO - エポック 6 検証フェーズ開始
2025-05-08 17:13:38,341 - sam2_finetune - INFO - エポック 6 完了, トレーニング損失: 0.6066, 検証損失: 1.2296
2025-05-08 17:13:38,342 - sam2_finetune - INFO - エポック実行時間: 0:04:32.359190, 現在の学習率: [5e-05, 2.5e-05, 4e-05]
2025-05-08 17:13:38,342 - sam2_finetune - INFO - エポック 7/15 開始: 17:13:38
2025-05-08 17:13:59,474 - sam2_finetune - INFO - エポック 7, バッチ 0/37, 損失: 0.5587
2025-05-08 17:15:20,642 - sam2_finetune - INFO - エポック 7, バッチ 20/37, 損失: 0.7177
